;;; 
Export: Release 19.0.0.0.0 - Production on Thu May 15 14:51:39 2025
Version 19.3.0.0.0

Copyright (c) 1982, 2019, Oracle and/or its affiliates.  All rights reserved.
;;; 
Connected to: Oracle Database 19c Enterprise Edition Release 19.0.0.0.0 - Production
Starting "C##EIS"."SYS_EXPORT_SCHEMA_01":  C##EIS/********@orcl19 schemas=C##EIS directory=dpump_dir dumpfile=mydb_export_15-5.dmp logfile=mydb_export-15-5.log 
Processing object type SCHEMA_EXPORT/TABLE/TABLE_DATA
Processing object type SCHEMA_EXPORT/TABLE/INDEX/STATISTICS/INDEX_STATISTICS
Processing object type SCHEMA_EXPORT/TABLE/STATISTICS/TABLE_STATISTICS
Processing object type SCHEMA_EXPORT/STATISTICS/MARKER
Processing object type SCHEMA_EXPORT/PRE_SCHEMA/PROCACT_SCHEMA
Processing object type SCHEMA_EXPORT/SEQUENCE/SEQUENCE
Processing object type SCHEMA_EXPORT/TABLE/TABLE
Processing object type SCHEMA_EXPORT/TABLE/COMMENT
Processing object type SCHEMA_EXPORT/TABLE/IDENTITY_COLUMN
Processing object type SCHEMA_EXPORT/TABLE/INDEX/INDEX
Processing object type SCHEMA_EXPORT/TABLE/CONSTRAINT/CONSTRAINT
Processing object type SCHEMA_EXPORT/TABLE/CONSTRAINT/REF_CONSTRAINT
. . exported "C##EIS"."CLINIC_TRANS"                     56.10 KB       2 rows
. . exported "C##EIS"."PAT_ADMISSION"                    55.32 KB       7 rows
. . exported "C##EIS"."PAT"                              22.26 KB       5 rows
. . exported "C##EIS"."COMPANY"                          19.24 KB       1 rows
. . exported "C##EIS"."USERS"                            16.95 KB       1 rows
. . exported "C##EIS"."SERVICE_CLINIC"                   17.34 KB       1 rows
. . exported "C##EIS"."DEPOSIT"                          15.29 KB       1 rows
. . exported "C##EIS"."DOCTORS"                          14.87 KB       3 rows
. . exported "C##EIS"."SUB_CLINIC"                       13.42 KB       1 rows
. . exported "C##EIS"."PRICE_LIST"                       11.67 KB       3 rows
. . exported "C##EIS"."COMPANY_DTL"                      11.44 KB       1 rows
. . exported "C##EIS"."REGIONS"                          10.74 KB       1 rows
. . exported "C##EIS"."MAIN_CLINIC"                      10.66 KB       1 rows
. . exported "C##EIS"."STOCK"                            8.867 KB       1 rows
. . exported "C##EIS"."DRTIMSHEET"                       8.695 KB       9 rows
. . exported "C##EIS"."EIS_SECTION_TYPES"                8.257 KB       1 rows
. . exported "C##EIS"."COST_CENTERS"                     7.929 KB       1 rows
. . exported "C##EIS"."DR_DISCOUNT"                      7.492 KB       1 rows
. . exported "C##EIS"."CHECKUP_CLINIC"                   7.007 KB       4 rows
. . exported "C##EIS"."DR_DEGREE"                        7.031 KB       3 rows
. . exported "C##EIS"."G_TABLE"                          7.007 KB       4 rows
. . exported "C##EIS"."KIND_STORE"                           7 KB       2 rows
. . exported "C##EIS"."SECTIONS2"                        6.992 KB       2 rows
. . exported "C##EIS"."COMPANY_GROUP"                    7.007 KB       2 rows
. . exported "C##EIS"."SERVICE_TYPE"                     6.976 KB       1 rows
. . exported "C##EIS"."JOURNAL_TYPE"                     6.851 KB       1 rows
. . exported "C##EIS"."BRANCHS"                          6.835 KB       1 rows
. . exported "C##EIS"."USERS_SECTION"                    7.015 KB       1 rows
. . exported "C##EIS"."AspNetRoles"                      6.671 KB       3 rows
. . exported "C##EIS"."NATIONALITY_EIS"                  6.468 KB       2 rows
. . exported "C##EIS"."AspNetUserRoles"                  5.648 KB       1 rows
. . exported "C##EIS"."__EFMigrationsHistory"            5.656 KB       2 rows
. . exported "C##EIS"."CLASSIFICATION_CUST"              5.601 KB       2 rows
. . exported "C##EIS"."SIDES"                            5.546 KB       1 rows
. . exported "C##EIS"."ACC_BAL_ALL"                          0 KB       0 rows
. . exported "C##EIS"."ACC_GLOBAL_DEF"                       0 KB       0 rows
. . exported "C##EIS"."ACC_MAIN_CODE"                        0 KB       0 rows
. . exported "C##EIS"."ACC_MAIN_CODE_DTL"                    0 KB       0 rows
. . exported "C##EIS"."ACC_MONTH"                            0 KB       0 rows
. . exported "C##EIS"."ACC_SAFE_CASH"                        0 KB       0 rows
. . exported "C##EIS"."ACC_SAFE_CHECK"                       0 KB       0 rows
. . exported "C##EIS"."ACC_START_BAL"                        0 KB       0 rows
. . exported "C##EIS"."ACC_SUB_CODE"                         0 KB       0 rows
. . exported "C##EIS"."ACC_SUB_CODE_EDIT"                    0 KB       0 rows
. . exported "C##EIS"."ACC_TRANS_DETAIL"                     0 KB       0 rows
. . exported "C##EIS"."ACC_TRANS_MASTER"                     0 KB       0 rows
. . exported "C##EIS"."ADJECTIVE_CUST"                       0 KB       0 rows
. . exported "C##EIS"."ANALDETAIL"                           0 KB       0 rows
. . exported "C##EIS"."AspNetRoleClaims"                     0 KB       0 rows
. . exported "C##EIS"."AspNetUserClaims"                     0 KB       0 rows
. . exported "C##EIS"."AspNetUserLogins"                     0 KB       0 rows
. . exported "C##EIS"."AspNetUserTokens"                     0 KB       0 rows
. . exported "C##EIS"."BANK_DATA"                            0 KB       0 rows
. . exported "C##EIS"."BED_CODE"                             0 KB       0 rows
. . exported "C##EIS"."CITY_CODE"                            0 KB       0 rows
. . exported "C##EIS"."COMPANY_PROFILE"                      0 KB       0 rows
. . exported "C##EIS"."CORONARY_ANGIOGRAPHY_REPORT"          0 KB       0 rows
. . exported "C##EIS"."CUST_CODE"                            0 KB       0 rows
. . exported "C##EIS"."CUST_COLLECTIONS_DISCOUNT"            0 KB       0 rows
. . exported "C##EIS"."DAILY_FOLLOW_UP_CCU_CHANT"            0 KB       0 rows
. . exported "C##EIS"."DEGREE_CODE"                          0 KB       0 rows
. . exported "C##EIS"."DISCHARGE_SUMMERY"                    0 KB       0 rows
. . exported "C##EIS"."DOCTORS_PERCENT"                      0 KB       0 rows
. . exported "C##EIS"."DOC_SUB_DTL"                          0 KB       0 rows
. . exported "C##EIS"."ECG_AND_ECHO"                         0 KB       0 rows
. . exported "C##EIS"."ECHO"                                 0 KB       0 rows
. . exported "C##EIS"."EIS_POSTING"                          0 KB       0 rows
. . exported "C##EIS"."EIS_USER_OBJECT"                      0 KB       0 rows
. . exported "C##EIS"."EXPENSE_DATA"                         0 KB       0 rows
. . exported "C##EIS"."GENERAL_CODE"                         0 KB       0 rows
. . exported "C##EIS"."HISTORY_EXAMINATION"                  0 KB       0 rows
. . exported "C##EIS"."ITEMANALYSES"                         0 KB       0 rows
. . exported "C##EIS"."ITEMS_CUST_PRICE"                     0 KB       0 rows
. . exported "C##EIS"."ITEM_BATCH"                           0 KB       0 rows
. . exported "C##EIS"."ITEM_BATCH_HISTORY"                   0 KB       0 rows
. . exported "C##EIS"."ITEM_UNITS"                           0 KB       0 rows
. . exported "C##EIS"."ITM_REORDER"                          0 KB       0 rows
. . exported "C##EIS"."ItemBalances"                         0 KB       0 rows
. . exported "C##EIS"."LAB_REPORTS"                          0 KB       0 rows
. . exported "C##EIS"."LAB_UNITS"                            0 KB       0 rows
. . exported "C##EIS"."MAIN_ITEM"                            0 KB       0 rows
. . exported "C##EIS"."MAIN_ITEM_STOCK"                      0 KB       0 rows
. . exported "C##EIS"."MEDICAL_ANALYSIS_MAIN"                0 KB       0 rows
. . exported "C##EIS"."MEDICAL_ANALYSIS_SUB"                 0 KB       0 rows
. . exported "C##EIS"."MEDICATION_AT_CCU"                    0 KB       0 rows
. . exported "C##EIS"."PAST_HISTORY"                         0 KB       0 rows
. . exported "C##EIS"."PCI_REPORT"                           0 KB       0 rows
. . exported "C##EIS"."PLACE_CODE"                           0 KB       0 rows
. . exported "C##EIS"."PRICE_LIST_DETAIL"                    0 KB       0 rows
. . exported "C##EIS"."Prices"                               0 KB       0 rows
. . exported "C##EIS"."ROOM_CODE"                            0 KB       0 rows
. . exported "C##EIS"."SAFE_NAME"                            0 KB       0 rows
. . exported "C##EIS"."SALESMEN_DATA"                        0 KB       0 rows
. . exported "C##EIS"."STENT_DES"                            0 KB       0 rows
. . exported "C##EIS"."STKBALANCE"                           0 KB       0 rows
. . exported "C##EIS"."STOCK_EMP"                            0 KB       0 rows
. . exported "C##EIS"."STOCK_EMP_FLAG"                       0 KB       0 rows
. . exported "C##EIS"."STORE_TRANS"                          0 KB       0 rows
. . exported "C##EIS"."SUB_ITEM"                             0 KB       0 rows
. . exported "C##EIS"."SUB_ITEM_DTL"                         0 KB       0 rows
. . exported "C##EIS"."SUP_CODE"                             0 KB       0 rows
. . exported "C##EIS"."SYSTEM_TABLE"                         0 KB       0 rows
. . exported "C##EIS"."TRANS_DTL"                            0 KB       0 rows
. . exported "C##EIS"."TRANS_MASTER"                         0 KB       0 rows
. . exported "C##EIS"."UNIT_CODE"                            0 KB       0 rows
. . exported "C##EIS"."USERS_GROUP"                          0 KB       0 rows
. . exported "C##EIS"."USER_CASH_NO"                         0 KB       0 rows
. . exported "C##EIS"."USER_JOURNAL_TYPE"                    0 KB       0 rows
. . exported "C##EIS"."USER_SIDE"                            0 KB       0 rows
. . exported "C##EIS"."USER_TRANSS"                          0 KB       0 rows
Master table "C##EIS"."SYS_EXPORT_SCHEMA_01" successfully loaded/unloaded
******************************************************************************
Dump file set for C##EIS.SYS_EXPORT_SCHEMA_01 is:
  C:\ORCL12\MYDB_EXPORT_15-5.DMP
Job "C##EIS"."SYS_EXPORT_SCHEMA_01" successfully completed at Thu May 15 14:52:20 2025 elapsed 0 00:00:40
